<?xml version="1.0" encoding="UTF-8"?>
<testng-results skipped="0" failed="0" total="1" passed="1">
  <reporter-output>
  </reporter-output>
  <suite name="Jenkins" duration-ms="27" started-at="2014-11-07T08:39:52Z" finished-at="2014-11-07T08:39:52Z">
    <groups>
    </groups>
    <test name="Jenkins with testng" duration-ms="27" started-at="2014-11-07T08:39:52Z" finished-at="2014-11-07T08:39:52Z">
      <class name="org.jenkins.JenkinsTest">
        <test-method status="PASS" signature="testJenkins()[pri:0, instance:org.jenkins.JenkinsTest@679ed60e]" name="testJenkins" duration-ms="13" started-at="2014-11-07T14:09:52Z" finished-at="2014-11-07T14:09:52Z">
          <reporter-output>
          </reporter-output>
        </test-method> <!-- testJenkins -->
      </class> <!-- org.jenkins.JenkinsTest -->
    </test> <!-- Jenkins with testng -->
  </suite> <!-- Jenkins -->
</testng-results>
